[debug] [2023-07-09T16:45:26.958Z] ----------------------------------------------------------------------
[debug] [2023-07-09T16:45:26.962Z] Command:       C:\Program Files\nodejs\node.exe C:\Users\ASHISH BANSAL\AppData\Roaming\npm\node_modules\firebase-tools\lib\bin\firebase.js init
[debug] [2023-07-09T16:45:26.963Z] CLI Version:   12.4.3
[debug] [2023-07-09T16:45:26.964Z] Platform:      win32
[debug] [2023-07-09T16:45:26.964Z] Node Version:  v16.15.0
[debug] [2023-07-09T16:45:26.966Z] Time:          Sun Jul 09 2023 22:15:26 GMT+0530 (India Standard Time)
[debug] [2023-07-09T16:45:26.967Z] ----------------------------------------------------------------------
[debug] 
[debug] [2023-07-09T16:45:27.043Z] > command requires scopes: ["email","openid","https://www.googleapis.com/auth/cloudplatformprojects.readonly","https://www.googleapis.com/auth/firebase","https://www.googleapis.com/auth/cloud-platform"]
[debug] [2023-07-09T16:45:27.044Z] > authorizing via signed-in user (bansalgashi083@gmail.com)
[info] 
     ######## #### ########  ######## ########     ###     ######  ########
     ##        ##  ##     ## ##       ##     ##  ##   ##  ##       ##
     ######    ##  ########  ######   ########  #########  ######  ######
     ##        ##  ##    ##  ##       ##     ## ##     ##       ## ##
     ##       #### ##     ## ######## ########  ##     ##  ######  ########

You're about to initialize a Firebase project in this directory:

  C:\Users\ASHISH BANSAL\Desktop\html\react material\recipesearch

Before we get started, keep in mind:

  * You are initializing within an existing Firebase project directory

[info] 
=== Project Setup
[info] 
[info] First, let's associate this project directory with a Firebase project.
[info] You can create multiple project aliases by running firebase use --add, 
[info] but for now we'll just set up a default project.
[info] 
[debug] [2023-07-09T16:46:07.173Z] Using project from CLI flag: recipe-khoj
[debug] [2023-07-09T16:46:07.175Z] > refreshing access token with scopes: []
[debug] [2023-07-09T16:46:07.178Z] >>> [apiv2][query] POST https://www.googleapis.com/oauth2/v3/token [none]
[debug] [2023-07-09T16:46:07.178Z] >>> [apiv2][body] POST https://www.googleapis.com/oauth2/v3/token [omitted]
[debug] [2023-07-09T16:46:07.474Z] <<< [apiv2][status] POST https://www.googleapis.com/oauth2/v3/token 400
[debug] [2023-07-09T16:46:07.475Z] <<< [apiv2][body] POST https://www.googleapis.com/oauth2/v3/token [omitted]
[debug] [2023-07-09T16:46:07.476Z] >>> [apiv2][query] GET https://firebase.googleapis.com/v1beta1/projects/recipe-khoj [none]
[debug] [2023-07-09T16:46:07.760Z] <<< [apiv2][status] GET https://firebase.googleapis.com/v1beta1/projects/recipe-khoj 401
[debug] [2023-07-09T16:46:07.760Z] <<< [apiv2][body] GET https://firebase.googleapis.com/v1beta1/projects/recipe-khoj {"error":{"code":401,"message":"Request had invalid authentication credentials. Expected OAuth 2 access token, login cookie or other valid authentication credential. See https://developers.google.com/identity/sign-in/web/devconsole-project.","status":"UNAUTHENTICATED"}}
[debug] [2023-07-09T16:46:07.761Z] HTTP Error: 401, Request had invalid authentication credentials. Expected OAuth 2 access token, login cookie or other valid authentication credential. See https://developers.google.com/identity/sign-in/web/devconsole-project.
[debug] [2023-07-09T16:46:07.957Z] FirebaseError: HTTP Error: 401, Request had invalid authentication credentials. Expected OAuth 2 access token, login cookie or other valid authentication credential. See https://developers.google.com/identity/sign-in/web/devconsole-project.
    at responseToError (C:\Users\ASHISH BANSAL\AppData\Roaming\npm\node_modules\firebase-tools\lib\responseToError.js:49:12)
    at RetryOperation._fn (C:\Users\ASHISH BANSAL\AppData\Roaming\npm\node_modules\firebase-tools\lib\apiv2.js:288:77)
    at processTicksAndRejections (node:internal/process/task_queues:96:5)
[error] 
[error] Error: Failed to get Firebase project recipe-khoj. Please make sure the project exists and your account has permission to access it.
[debug] [2023-07-09T16:47:01.665Z] ----------------------------------------------------------------------
[debug] [2023-07-09T16:47:01.667Z] Command:       C:\Program Files\nodejs\node.exe C:\Users\ASHISH BANSAL\AppData\Roaming\npm\node_modules\firebase-tools\lib\bin\firebase.js use --add
[debug] [2023-07-09T16:47:01.667Z] CLI Version:   12.4.3
[debug] [2023-07-09T16:47:01.668Z] Platform:      win32
[debug] [2023-07-09T16:47:01.668Z] Node Version:  v16.15.0
[debug] [2023-07-09T16:47:01.669Z] Time:          Sun Jul 09 2023 22:17:01 GMT+0530 (India Standard Time)
[debug] [2023-07-09T16:47:01.669Z] ----------------------------------------------------------------------
[debug] 
[debug] [2023-07-09T16:47:01.737Z] > command requires scopes: ["email","openid","https://www.googleapis.com/auth/cloudplatformprojects.readonly","https://www.googleapis.com/auth/firebase","https://www.googleapis.com/auth/cloud-platform"]
[debug] [2023-07-09T16:47:01.738Z] > authorizing via signed-in user (bansalgashi083@gmail.com)
[debug] [2023-07-09T16:47:01.739Z] > refreshing access token with scopes: []
[debug] [2023-07-09T16:47:01.741Z] >>> [apiv2][query] POST https://www.googleapis.com/oauth2/v3/token [none]
[debug] [2023-07-09T16:47:01.741Z] >>> [apiv2][body] POST https://www.googleapis.com/oauth2/v3/token [omitted]
[debug] [2023-07-09T16:47:02.024Z] <<< [apiv2][status] POST https://www.googleapis.com/oauth2/v3/token 400
[debug] [2023-07-09T16:47:02.024Z] <<< [apiv2][body] POST https://www.googleapis.com/oauth2/v3/token [omitted]
[debug] [2023-07-09T16:47:02.026Z] >>> [apiv2][query] GET https://firebase.googleapis.com/v1beta1/projects pageSize=1000
[debug] [2023-07-09T16:47:02.343Z] <<< [apiv2][status] GET https://firebase.googleapis.com/v1beta1/projects 401
[debug] [2023-07-09T16:47:02.344Z] <<< [apiv2][body] GET https://firebase.googleapis.com/v1beta1/projects [omitted]
[debug] [2023-07-09T16:47:02.347Z] HTTP Error: 401, Request had invalid authentication credentials. Expected OAuth 2 access token, login cookie or other valid authentication credential. See https://developers.google.com/identity/sign-in/web/devconsole-project.
[debug] [2023-07-09T16:47:02.558Z] FirebaseError: HTTP Error: 401, Request had invalid authentication credentials. Expected OAuth 2 access token, login cookie or other valid authentication credential. See https://developers.google.com/identity/sign-in/web/devconsole-project.
    at responseToError (C:\Users\ASHISH BANSAL\AppData\Roaming\npm\node_modules\firebase-tools\lib\responseToError.js:49:12)
    at RetryOperation._fn (C:\Users\ASHISH BANSAL\AppData\Roaming\npm\node_modules\firebase-tools\lib\apiv2.js:288:77)
    at processTicksAndRejections (node:internal/process/task_queues:96:5)
[error] 
[error] Error: Failed to list Firebase projects. See firebase-debug.log for more info.
[debug] [2023-07-09T16:52:33.579Z] ----------------------------------------------------------------------
[debug] [2023-07-09T16:52:33.582Z] Command:       C:\Program Files\nodejs\node.exe C:\Users\ASHISH BANSAL\AppData\Roaming\npm\node_modules\firebase-tools\lib\bin\firebase.js init
[debug] [2023-07-09T16:52:33.583Z] CLI Version:   12.4.3
[debug] [2023-07-09T16:52:33.584Z] Platform:      win32
[debug] [2023-07-09T16:52:33.584Z] Node Version:  v16.15.0
[debug] [2023-07-09T16:52:33.586Z] Time:          Sun Jul 09 2023 22:22:33 GMT+0530 (India Standard Time)
[debug] [2023-07-09T16:52:33.586Z] ----------------------------------------------------------------------
[debug] 
[debug] [2023-07-09T16:52:33.663Z] > command requires scopes: ["email","openid","https://www.googleapis.com/auth/cloudplatformprojects.readonly","https://www.googleapis.com/auth/firebase","https://www.googleapis.com/auth/cloud-platform"]
[debug] [2023-07-09T16:52:33.663Z] > authorizing via signed-in user (bansalgashi083@gmail.com)
[info] 
     ######## #### ########  ######## ########     ###     ######  ########
     ##        ##  ##     ## ##       ##     ##  ##   ##  ##       ##
     ######    ##  ########  ######   ########  #########  ######  ######
     ##        ##  ##    ##  ##       ##     ## ##     ##       ## ##
     ##       #### ##     ## ######## ########  ##     ##  ######  ########

You're about to initialize a Firebase project in this directory:

  C:\Users\ASHISH BANSAL\Desktop\html\react material\recipesearch

Before we get started, keep in mind:

  * You are initializing within an existing Firebase project directory

[info] 
=== Project Setup
[info] 
[info] First, let's associate this project directory with a Firebase project.
[info] You can create multiple project aliases by running firebase use --add, 
[info] but for now we'll just set up a default project.
[info] 
[debug] [2023-07-09T16:52:45.883Z] Using project from CLI flag: recipe-khoj
[debug] [2023-07-09T16:52:45.886Z] > refreshing access token with scopes: []
[debug] [2023-07-09T16:52:45.888Z] >>> [apiv2][query] POST https://www.googleapis.com/oauth2/v3/token [none]
[debug] [2023-07-09T16:52:45.889Z] >>> [apiv2][body] POST https://www.googleapis.com/oauth2/v3/token [omitted]
[debug] [2023-07-09T16:52:46.158Z] <<< [apiv2][status] POST https://www.googleapis.com/oauth2/v3/token 400
[debug] [2023-07-09T16:52:46.158Z] <<< [apiv2][body] POST https://www.googleapis.com/oauth2/v3/token [omitted]
[debug] [2023-07-09T16:52:46.160Z] >>> [apiv2][query] GET https://firebase.googleapis.com/v1beta1/projects/recipe-khoj [none]
[debug] [2023-07-09T16:52:46.511Z] <<< [apiv2][status] GET https://firebase.googleapis.com/v1beta1/projects/recipe-khoj 401
[debug] [2023-07-09T16:52:46.512Z] <<< [apiv2][body] GET https://firebase.googleapis.com/v1beta1/projects/recipe-khoj {"error":{"code":401,"message":"Request had invalid authentication credentials. Expected OAuth 2 access token, login cookie or other valid authentication credential. See https://developers.google.com/identity/sign-in/web/devconsole-project.","status":"UNAUTHENTICATED"}}
[debug] [2023-07-09T16:52:46.513Z] HTTP Error: 401, Request had invalid authentication credentials. Expected OAuth 2 access token, login cookie or other valid authentication credential. See https://developers.google.com/identity/sign-in/web/devconsole-project.
[debug] [2023-07-09T16:52:46.721Z] FirebaseError: HTTP Error: 401, Request had invalid authentication credentials. Expected OAuth 2 access token, login cookie or other valid authentication credential. See https://developers.google.com/identity/sign-in/web/devconsole-project.
    at responseToError (C:\Users\ASHISH BANSAL\AppData\Roaming\npm\node_modules\firebase-tools\lib\responseToError.js:49:12)
    at RetryOperation._fn (C:\Users\ASHISH BANSAL\AppData\Roaming\npm\node_modules\firebase-tools\lib\apiv2.js:288:77)
    at processTicksAndRejections (node:internal/process/task_queues:96:5)
[error] 
[error] Error: Failed to get Firebase project recipe-khoj. Please make sure the project exists and your account has permission to access it.
[debug] [2023-07-09T16:53:08.992Z] ----------------------------------------------------------------------
[debug] [2023-07-09T16:53:08.995Z] Command:       C:\Program Files\nodejs\node.exe C:\Users\ASHISH BANSAL\AppData\Roaming\npm\node_modules\firebase-tools\lib\bin\firebase.js deploy
[debug] [2023-07-09T16:53:08.995Z] CLI Version:   12.4.3
[debug] [2023-07-09T16:53:08.996Z] Platform:      win32
[debug] [2023-07-09T16:53:08.996Z] Node Version:  v16.15.0
[debug] [2023-07-09T16:53:08.997Z] Time:          Sun Jul 09 2023 22:23:08 GMT+0530 (India Standard Time)
[debug] [2023-07-09T16:53:08.997Z] ----------------------------------------------------------------------
[debug] 
[debug] [2023-07-09T16:53:09.127Z] > command requires scopes: ["email","openid","https://www.googleapis.com/auth/cloudplatformprojects.readonly","https://www.googleapis.com/auth/firebase","https://www.googleapis.com/auth/cloud-platform"]
[debug] [2023-07-09T16:53:09.127Z] > authorizing via signed-in user (bansalgashi083@gmail.com)
[debug] [2023-07-09T16:53:09.127Z] [iam] checking project recipe-khoj for permissions ["firebase.projects.get","firebasehosting.sites.update"]
[debug] [2023-07-09T16:53:09.129Z] > refreshing access token with scopes: []
[debug] [2023-07-09T16:53:09.130Z] >>> [apiv2][query] POST https://www.googleapis.com/oauth2/v3/token [none]
[debug] [2023-07-09T16:53:09.131Z] >>> [apiv2][body] POST https://www.googleapis.com/oauth2/v3/token [omitted]
[debug] [2023-07-09T16:53:09.418Z] <<< [apiv2][status] POST https://www.googleapis.com/oauth2/v3/token 400
[debug] [2023-07-09T16:53:09.419Z] <<< [apiv2][body] POST https://www.googleapis.com/oauth2/v3/token [omitted]
[debug] [2023-07-09T16:53:09.419Z] >>> [apiv2][query] POST https://cloudresourcemanager.googleapis.com/v1/projects/recipe-khoj:testIamPermissions [none]
[debug] [2023-07-09T16:53:09.420Z] >>> [apiv2][(partial)header] POST https://cloudresourcemanager.googleapis.com/v1/projects/recipe-khoj:testIamPermissions x-goog-quota-user=projects/recipe-khoj
[debug] [2023-07-09T16:53:09.420Z] >>> [apiv2][body] POST https://cloudresourcemanager.googleapis.com/v1/projects/recipe-khoj:testIamPermissions {"permissions":["firebase.projects.get","firebasehosting.sites.update"]}
[debug] [2023-07-09T16:53:11.080Z] <<< [apiv2][status] POST https://cloudresourcemanager.googleapis.com/v1/projects/recipe-khoj:testIamPermissions 401
[debug] [2023-07-09T16:53:11.080Z] <<< [apiv2][body] POST https://cloudresourcemanager.googleapis.com/v1/projects/recipe-khoj:testIamPermissions {"error":{"code":401,"message":"Request had invalid authentication credentials. Expected OAuth 2 access token, login cookie or other valid authentication credential. See https://developers.google.com/identity/sign-in/web/devconsole-project.","status":"UNAUTHENTICATED","details":[{"@type":"type.googleapis.com/google.rpc.ErrorInfo","reason":"ACCESS_TOKEN_TYPE_UNSUPPORTED","metadata":{"service":"cloudresourcemanager.googleapis.com","method":"google.cloudresourcemanager.v1.Projects.TestIamPermissions"}}]}}
[debug] [2023-07-09T16:53:11.083Z] [iam] error while checking permissions, command may fail: FirebaseError: HTTP Error: 401, Request had invalid authentication credentials. Expected OAuth 2 access token, login cookie or other valid authentication credential. See https://developers.google.com/identity/sign-in/web/devconsole-project.
[debug] [2023-07-09T16:53:11.085Z] > refreshing access token with scopes: []
[debug] [2023-07-09T16:53:11.087Z] >>> [apiv2][query] POST https://www.googleapis.com/oauth2/v3/token [none]
[debug] [2023-07-09T16:53:11.087Z] >>> [apiv2][body] POST https://www.googleapis.com/oauth2/v3/token [omitted]
[debug] [2023-07-09T16:53:11.292Z] <<< [apiv2][status] POST https://www.googleapis.com/oauth2/v3/token 400
[debug] [2023-07-09T16:53:11.292Z] <<< [apiv2][body] POST https://www.googleapis.com/oauth2/v3/token [omitted]
[debug] [2023-07-09T16:53:11.293Z] >>> [apiv2][query] GET https://firebase.googleapis.com/v1beta1/projects/recipe-khoj [none]
[debug] [2023-07-09T16:53:11.805Z] <<< [apiv2][status] GET https://firebase.googleapis.com/v1beta1/projects/recipe-khoj 401
[debug] [2023-07-09T16:53:11.806Z] <<< [apiv2][body] GET https://firebase.googleapis.com/v1beta1/projects/recipe-khoj {"error":{"code":401,"message":"Request had invalid authentication credentials. Expected OAuth 2 access token, login cookie or other valid authentication credential. See https://developers.google.com/identity/sign-in/web/devconsole-project.","status":"UNAUTHENTICATED"}}
[debug] [2023-07-09T16:53:11.806Z] HTTP Error: 401, Request had invalid authentication credentials. Expected OAuth 2 access token, login cookie or other valid authentication credential. See https://developers.google.com/identity/sign-in/web/devconsole-project.
[debug] [2023-07-09T16:53:12.028Z] FirebaseError: HTTP Error: 401, Request had invalid authentication credentials. Expected OAuth 2 access token, login cookie or other valid authentication credential. See https://developers.google.com/identity/sign-in/web/devconsole-project.
    at responseToError (C:\Users\ASHISH BANSAL\AppData\Roaming\npm\node_modules\firebase-tools\lib\responseToError.js:49:12)
    at RetryOperation._fn (C:\Users\ASHISH BANSAL\AppData\Roaming\npm\node_modules\firebase-tools\lib\apiv2.js:288:77)
    at processTicksAndRejections (node:internal/process/task_queues:96:5)
[error] 
[error] Error: Failed to get Firebase project recipe-khoj. Please make sure the project exists and your account has permission to access it.
